<?xml version="1.0" encoding="UTF-8"?>
<robot generator="Robot 3.2.2 (Python 3.9.1 on win32)" generated="20210122 13:02:24.352" rpa="false">
<suite id="s1" name="TestCases" source="C:\Users\user\Desktop\Thiru\Vineeth_Thiru\TestCases\TestCases.robot">
<test id="s1-t1" name="User should be able to log in and clear the contents in the cart">
<kw name="Open Flipkart URL through browser" library="instructions" type="setup">
<kw name="Open Browser" library="SeleniumLibrary">
<doc>Opens a new browser instance to the optional ``url``.</doc>
<arguments>
<arg>${url}</arg>
<arg>${brows}</arg>
</arguments>
<msg timestamp="20210122 13:02:24.656" level="INFO">Opening browser 'chrome' to base url 'https://flipkart.com/'.</msg>
<status status="PASS" starttime="20210122 13:02:24.655" endtime="20210122 13:02:32.288"></status>
</kw>
<kw name="Maximize Browser Window" library="SeleniumLibrary">
<doc>Maximizes current browser window.</doc>
<status status="PASS" starttime="20210122 13:02:32.289" endtime="20210122 13:02:34.468"></status>
</kw>
<kw name="Sleep" library="BuiltIn">
<doc>Pauses the test executed for the given time.</doc>
<arguments>
<arg>2s</arg>
</arguments>
<msg timestamp="20210122 13:02:36.471" level="INFO">Slept 2 seconds</msg>
<status status="PASS" starttime="20210122 13:02:34.469" endtime="20210122 13:02:36.471"></status>
</kw>
<kw name="Verify WebPage title" library="instructions">
<arguments>
<arg>${Expected_homePage}</arg>
</arguments>
<kw name="Wait Until Page Contains" library="SeleniumLibrary">
<doc>Waits until ``text`` appears on the current page.</doc>
<arguments>
<arg>${title_name}</arg>
</arguments>
<status status="PASS" starttime="20210122 13:02:36.472" endtime="20210122 13:02:36.487"></status>
</kw>
<kw name="Log To Console" library="BuiltIn">
<doc>Logs the given message to the console.</doc>
<arguments>
<arg>${title_name}</arg>
</arguments>
<status status="PASS" starttime="20210122 13:02:36.487" endtime="20210122 13:02:36.487"></status>
</kw>
<kw name="Log To Console" library="BuiltIn">
<doc>Logs the given message to the console.</doc>
<arguments>
<arg>Pass!!</arg>
</arguments>
<status status="PASS" starttime="20210122 13:02:36.488" endtime="20210122 13:02:36.493"></status>
</kw>
<status status="PASS" starttime="20210122 13:02:36.471" endtime="20210122 13:02:36.493"></status>
</kw>
<status status="PASS" starttime="20210122 13:02:24.654" endtime="20210122 13:02:36.493"></status>
</kw>
<kw name="Log into flipkart using phone number and password" library="instructions">
<kw name="Input Text" library="SeleniumLibrary">
<doc>Types the given ``text`` into the text field identified by ``locator``.</doc>
<arguments>
<arg>xpath=//input[@type='text' and @class='_2IX_2- VJZDxU']</arg>
<arg>9500158051</arg>
</arguments>
<msg timestamp="20210122 13:02:36.495" level="INFO">Typing text '9500158051' into text field 'xpath=//input[@type='text' and @class='_2IX_2- VJZDxU']'.</msg>
<status status="PASS" starttime="20210122 13:02:36.495" endtime="20210122 13:02:36.694"></status>
</kw>
<kw name="Input Password" library="SeleniumLibrary">
<doc>Types the given password into the text field identified by ``locator``.</doc>
<arguments>
<arg>xpath=//input[@type='password']</arg>
<arg>royalenfield</arg>
</arguments>
<msg timestamp="20210122 13:02:36.695" level="INFO">Typing password into text field 'xpath=//input[@type='password']'.</msg>
<msg timestamp="20210122 13:02:36.739" level="INFO">Temporally setting log level to: NONE</msg>
<msg timestamp="20210122 13:02:36.829" level="INFO">Log level changed from NONE to INFO.</msg>
<status status="PASS" starttime="20210122 13:02:36.694" endtime="20210122 13:02:36.829"></status>
</kw>
<kw name="Click Element" library="SeleniumLibrary">
<doc>Click the element identified by ``locator``.</doc>
<arguments>
<arg>xpath=//button[@type='submit' and @class='_2KpZ6l _2HKlqd _3AWRsL']</arg>
</arguments>
<msg timestamp="20210122 13:02:36.829" level="INFO">Clicking element 'xpath=//button[@type='submit' and @class='_2KpZ6l _2HKlqd _3AWRsL']'.</msg>
<status status="PASS" starttime="20210122 13:02:36.829" endtime="20210122 13:02:36.921"></status>
</kw>
<kw name="Sleep" library="BuiltIn">
<doc>Pauses the test executed for the given time.</doc>
<arguments>
<arg>2s</arg>
</arguments>
<msg timestamp="20210122 13:02:38.923" level="INFO">Slept 2 seconds</msg>
<status status="PASS" starttime="20210122 13:02:36.921" endtime="20210122 13:02:38.923"></status>
</kw>
<kw name="Capture Page Screenshot" library="SeleniumLibrary">
<doc>Takes a screenshot of the current page and embeds it into a log file.</doc>
<msg timestamp="20210122 13:02:39.292" level="INFO" html="yes">&lt;/td&gt;&lt;/tr&gt;&lt;tr&gt;&lt;td colspan="3"&gt;&lt;a href="selenium-screenshot-59.png"&gt;&lt;img src="selenium-screenshot-59.png" width="800px"&gt;&lt;/a&gt;</msg>
<status status="PASS" starttime="20210122 13:02:38.923" endtime="20210122 13:02:39.292"></status>
</kw>
<status status="PASS" starttime="20210122 13:02:36.494" endtime="20210122 13:02:39.292"></status>
</kw>
<kw name="Clear the contents in the cart" library="instructions">
<kw name="Click Element" library="SeleniumLibrary">
<doc>Click the element identified by ``locator``.</doc>
<arguments>
<arg>${home_screen_cart}</arg>
</arguments>
<msg timestamp="20210122 13:02:39.294" level="INFO">Clicking element 'xpath=//span[contains(text(),'Cart')]'.</msg>
<status status="PASS" starttime="20210122 13:02:39.293" endtime="20210122 13:02:39.365"></status>
</kw>
<kw name="Sleep" library="BuiltIn">
<doc>Pauses the test executed for the given time.</doc>
<arguments>
<arg>2s</arg>
</arguments>
<msg timestamp="20210122 13:02:41.367" level="INFO">Slept 2 seconds</msg>
<status status="PASS" starttime="20210122 13:02:39.365" endtime="20210122 13:02:41.367"></status>
</kw>
<kw name="Run Keyword And Return Status" library="BuiltIn">
<doc>Runs the given keyword with given arguments and returns the status as a Boolean value.</doc>
<arguments>
<arg>Element Should Be Visible</arg>
<arg>${cart_empty}</arg>
</arguments>
<assign>
<var>${present}</var>
</assign>
<kw name="Element Should Be Visible" library="SeleniumLibrary">
<doc>Verifies that the element identified by ``locator`` is visible.</doc>
<arguments>
<arg>${cart_empty}</arg>
</arguments>
<kw name="Capture Page Screenshot" library="SeleniumLibrary">
<doc>Takes a screenshot of the current page and embeds it into a log file.</doc>
<msg timestamp="20210122 13:02:41.703" level="INFO" html="yes">&lt;/td&gt;&lt;/tr&gt;&lt;tr&gt;&lt;td colspan="3"&gt;&lt;a href="selenium-screenshot-60.png"&gt;&lt;img src="selenium-screenshot-60.png" width="800px"&gt;&lt;/a&gt;</msg>
<status status="PASS" starttime="20210122 13:02:41.386" endtime="20210122 13:02:41.703"></status>
</kw>
<msg timestamp="20210122 13:02:41.705" level="FAIL">Element with locator 'xpath=//div[contains(text(),'Your cart is empty!')]' not found.</msg>
<status status="FAIL" starttime="20210122 13:02:41.368" endtime="20210122 13:02:41.705"></status>
</kw>
<msg timestamp="20210122 13:02:41.705" level="INFO">${present} = False</msg>
<status status="PASS" starttime="20210122 13:02:41.367" endtime="20210122 13:02:41.706"></status>
</kw>
<kw name="Run Keyword If" library="BuiltIn">
<doc>Runs the given keyword with the given arguments, if ``condition`` is true.</doc>
<arguments>
<arg>'${present}'=='False'</arg>
<arg>Remove from Cart</arg>
</arguments>
<kw name="Remove from Cart" library="instructions">
<kw name="Wait Until Element Is Visible" library="SeleniumLibrary">
<doc>Waits until the element ``locator`` is visible.</doc>
<arguments>
<arg>${expeted_product}</arg>
</arguments>
<status status="PASS" starttime="20210122 13:02:41.706" endtime="20210122 13:02:41.732"></status>
</kw>
<kw name="Click Element" library="SeleniumLibrary">
<doc>Click the element identified by ``locator``.</doc>
<arguments>
<arg>${remove_button}</arg>
</arguments>
<msg timestamp="20210122 13:02:41.733" level="INFO">Clicking element 'xpath=//div[contains(@class,'_3dsJAO') and text()='Remove']'.</msg>
<status status="PASS" starttime="20210122 13:02:41.732" endtime="20210122 13:02:41.797"></status>
</kw>
<kw name="Sleep" library="BuiltIn">
<doc>Pauses the test executed for the given time.</doc>
<arguments>
<arg>2s</arg>
</arguments>
<msg timestamp="20210122 13:02:43.799" level="INFO">Slept 2 seconds</msg>
<status status="PASS" starttime="20210122 13:02:41.797" endtime="20210122 13:02:43.799"></status>
</kw>
<kw name="Click Element" library="SeleniumLibrary">
<doc>Click the element identified by ``locator``.</doc>
<arguments>
<arg>${confirm_remove}</arg>
</arguments>
<msg timestamp="20210122 13:02:43.800" level="INFO">Clicking element 'xpath=//div[contains(@class,'_3dsJAO _24d-qY FhkMJZ') and text()='Remove']'.</msg>
<status status="PASS" starttime="20210122 13:02:43.799" endtime="20210122 13:02:43.850"></status>
</kw>
<status status="PASS" starttime="20210122 13:02:41.706" endtime="20210122 13:02:43.850"></status>
</kw>
<status status="PASS" starttime="20210122 13:02:41.706" endtime="20210122 13:02:43.850"></status>
</kw>
<status status="PASS" starttime="20210122 13:02:39.293" endtime="20210122 13:02:43.850"></status>
</kw>
<kw name="Move to Home Page" library="instructions">
<kw name="Wait Until Element Is Visible" library="SeleniumLibrary">
<doc>Waits until the element ``locator`` is visible.</doc>
<arguments>
<arg>${home_button}</arg>
</arguments>
<status status="PASS" starttime="20210122 13:02:43.851" endtime="20210122 13:02:43.885"></status>
</kw>
<kw name="Click Element" library="SeleniumLibrary">
<doc>Click the element identified by ``locator``.</doc>
<arguments>
<arg>${home_button}</arg>
</arguments>
<msg timestamp="20210122 13:02:43.886" level="INFO">Clicking element 'xpath=//div/a/img[@class='_2xm1JU']'.</msg>
<status status="PASS" starttime="20210122 13:02:43.885" endtime="20210122 13:02:44.011"></status>
</kw>
<status status="PASS" starttime="20210122 13:02:43.851" endtime="20210122 13:02:44.011"></status>
</kw>
<kw name="Close the browser" library="instructions" type="teardown">
<kw name="Sleep" library="BuiltIn">
<doc>Pauses the test executed for the given time.</doc>
<arguments>
<arg>5s</arg>
</arguments>
<msg timestamp="20210122 13:02:49.015" level="INFO">Slept 5 seconds</msg>
<status status="PASS" starttime="20210122 13:02:44.014" endtime="20210122 13:02:49.015"></status>
</kw>
<kw name="Close Browser" library="SeleniumLibrary">
<doc>Closes the current browser.</doc>
<status status="PASS" starttime="20210122 13:02:49.015" endtime="20210122 13:02:51.290"></status>
</kw>
<status status="PASS" starttime="20210122 13:02:44.013" endtime="20210122 13:02:51.290"></status>
</kw>
<status status="PASS" starttime="20210122 13:02:24.650" endtime="20210122 13:02:51.291" critical="yes"></status>
</test>
<test id="s1-t2" name="User should be able to add the product to the cart">
<kw name="Open Flipkart URL through browser" library="instructions" type="setup">
<kw name="Open Browser" library="SeleniumLibrary">
<doc>Opens a new browser instance to the optional ``url``.</doc>
<arguments>
<arg>${url}</arg>
<arg>${brows}</arg>
</arguments>
<msg timestamp="20210122 13:02:51.295" level="INFO">Opening browser 'chrome' to base url 'https://flipkart.com/'.</msg>
<status status="PASS" starttime="20210122 13:02:51.295" endtime="20210122 13:02:58.835"></status>
</kw>
<kw name="Maximize Browser Window" library="SeleniumLibrary">
<doc>Maximizes current browser window.</doc>
<status status="PASS" starttime="20210122 13:02:58.835" endtime="20210122 13:03:00.969"></status>
</kw>
<kw name="Sleep" library="BuiltIn">
<doc>Pauses the test executed for the given time.</doc>
<arguments>
<arg>2s</arg>
</arguments>
<msg timestamp="20210122 13:03:02.972" level="INFO">Slept 2 seconds</msg>
<status status="PASS" starttime="20210122 13:03:00.969" endtime="20210122 13:03:02.972"></status>
</kw>
<kw name="Verify WebPage title" library="instructions">
<arguments>
<arg>${Expected_homePage}</arg>
</arguments>
<kw name="Wait Until Page Contains" library="SeleniumLibrary">
<doc>Waits until ``text`` appears on the current page.</doc>
<arguments>
<arg>${title_name}</arg>
</arguments>
<status status="PASS" starttime="20210122 13:03:02.973" endtime="20210122 13:03:02.987"></status>
</kw>
<kw name="Log To Console" library="BuiltIn">
<doc>Logs the given message to the console.</doc>
<arguments>
<arg>${title_name}</arg>
</arguments>
<status status="PASS" starttime="20210122 13:03:02.987" endtime="20210122 13:03:02.987"></status>
</kw>
<kw name="Log To Console" library="BuiltIn">
<doc>Logs the given message to the console.</doc>
<arguments>
<arg>Pass!!</arg>
</arguments>
<status status="PASS" starttime="20210122 13:03:02.987" endtime="20210122 13:03:02.989"></status>
</kw>
<status status="PASS" starttime="20210122 13:03:02.972" endtime="20210122 13:03:02.989"></status>
</kw>
<status status="PASS" starttime="20210122 13:02:51.294" endtime="20210122 13:03:02.989"></status>
</kw>
<kw name="Log into flipkart using phone number and password" library="instructions">
<kw name="Input Text" library="SeleniumLibrary">
<doc>Types the given ``text`` into the text field identified by ``locator``.</doc>
<arguments>
<arg>xpath=//input[@type='text' and @class='_2IX_2- VJZDxU']</arg>
<arg>9500158051</arg>
</arguments>
<msg timestamp="20210122 13:03:02.993" level="INFO">Typing text '9500158051' into text field 'xpath=//input[@type='text' and @class='_2IX_2- VJZDxU']'.</msg>
<status status="PASS" starttime="20210122 13:03:02.993" endtime="20210122 13:03:03.101"></status>
</kw>
<kw name="Input Password" library="SeleniumLibrary">
<doc>Types the given password into the text field identified by ``locator``.</doc>
<arguments>
<arg>xpath=//input[@type='password']</arg>
<arg>royalenfield</arg>
</arguments>
<msg timestamp="20210122 13:03:03.102" level="INFO">Typing password into text field 'xpath=//input[@type='password']'.</msg>
<msg timestamp="20210122 13:03:03.144" level="INFO">Temporally setting log level to: NONE</msg>
<msg timestamp="20210122 13:03:03.235" level="INFO">Log level changed from NONE to INFO.</msg>
<status status="PASS" starttime="20210122 13:03:03.102" endtime="20210122 13:03:03.235"></status>
</kw>
<kw name="Click Element" library="SeleniumLibrary">
<doc>Click the element identified by ``locator``.</doc>
<arguments>
<arg>xpath=//button[@type='submit' and @class='_2KpZ6l _2HKlqd _3AWRsL']</arg>
</arguments>
<msg timestamp="20210122 13:03:03.235" level="INFO">Clicking element 'xpath=//button[@type='submit' and @class='_2KpZ6l _2HKlqd _3AWRsL']'.</msg>
<status status="PASS" starttime="20210122 13:03:03.235" endtime="20210122 13:03:03.319"></status>
</kw>
<kw name="Sleep" library="BuiltIn">
<doc>Pauses the test executed for the given time.</doc>
<arguments>
<arg>2s</arg>
</arguments>
<msg timestamp="20210122 13:03:05.320" level="INFO">Slept 2 seconds</msg>
<status status="PASS" starttime="20210122 13:03:03.319" endtime="20210122 13:03:05.320"></status>
</kw>
<kw name="Capture Page Screenshot" library="SeleniumLibrary">
<doc>Takes a screenshot of the current page and embeds it into a log file.</doc>
<msg timestamp="20210122 13:03:05.708" level="INFO" html="yes">&lt;/td&gt;&lt;/tr&gt;&lt;tr&gt;&lt;td colspan="3"&gt;&lt;a href="selenium-screenshot-61.png"&gt;&lt;img src="selenium-screenshot-61.png" width="800px"&gt;&lt;/a&gt;</msg>
<status status="PASS" starttime="20210122 13:03:05.320" endtime="20210122 13:03:05.708"></status>
</kw>
<status status="PASS" starttime="20210122 13:03:02.993" endtime="20210122 13:03:05.708"></status>
</kw>
<kw name="Search for specific product" library="instructions">
<kw name="Input Text" library="SeleniumLibrary">
<doc>Types the given ``text`` into the text field identified by ``locator``.</doc>
<arguments>
<arg>${search}</arg>
<arg>DSLR</arg>
</arguments>
<msg timestamp="20210122 13:03:05.709" level="INFO">Typing text 'DSLR' into text field 'xpath=//div/input[@title='Search for products, brands and more']'.</msg>
<status status="PASS" starttime="20210122 13:03:05.709" endtime="20210122 13:03:05.849"></status>
</kw>
<kw name="Click Element" library="SeleniumLibrary">
<doc>Click the element identified by ``locator``.</doc>
<arguments>
<arg>${search_button}</arg>
</arguments>
<msg timestamp="20210122 13:03:05.850" level="INFO">Clicking element 'xpath=//button[contains(@class,'L0Z3Pu')]'.</msg>
<status status="PASS" starttime="20210122 13:03:05.850" endtime="20210122 13:03:05.997"></status>
</kw>
<status status="PASS" starttime="20210122 13:03:05.708" endtime="20210122 13:03:05.997"></status>
</kw>
<kw name="Filter with reviews for 4 star and above" library="instructions">
<kw name="Wait Until Element Is Visible" library="SeleniumLibrary">
<doc>Waits until the element ``locator`` is visible.</doc>
<arguments>
<arg>${review}</arg>
</arguments>
<status status="PASS" starttime="20210122 13:03:05.999" endtime="20210122 13:03:06.954"></status>
</kw>
<kw name="Click Element" library="SeleniumLibrary">
<doc>Click the element identified by ``locator``.</doc>
<arguments>
<arg>${review}</arg>
</arguments>
<msg timestamp="20210122 13:03:06.954" level="INFO">Clicking element 'xpath=//div[contains(@class,'_3879cV') and text()='4★ &amp; above']'.</msg>
<status status="PASS" starttime="20210122 13:03:06.954" endtime="20210122 13:03:07.188"></status>
</kw>
<status status="PASS" starttime="20210122 13:03:05.998" endtime="20210122 13:03:07.189"></status>
</kw>
<kw name="Click on the desired product" library="instructions">
<kw name="Wait Until Element Is Visible" library="SeleniumLibrary">
<doc>Waits until the element ``locator`` is visible.</doc>
<arguments>
<arg>${product}</arg>
</arguments>
<status status="PASS" starttime="20210122 13:03:07.191" endtime="20210122 13:03:07.252"></status>
</kw>
<kw name="Click Element" library="SeleniumLibrary">
<doc>Click the element identified by ``locator``.</doc>
<arguments>
<arg>${product}</arg>
</arguments>
<msg timestamp="20210122 13:03:07.253" level="INFO">Clicking element 'xpath=//div[contains(@class,'_4rR01T') and text()='Sony Alpha ILCE-6400M Mirrorless Camera with 18-135mm Zoom Lens']'.</msg>
<status status="PASS" starttime="20210122 13:03:07.253" endtime="20210122 13:03:07.519"></status>
</kw>
<status status="PASS" starttime="20210122 13:03:07.190" endtime="20210122 13:03:07.520"></status>
</kw>
<kw name="Verify Product page Title" library="instructions">
<kw name="Switch Window" library="SeleniumLibrary">
<doc>Switches to browser window matching ``locator``.</doc>
<arguments>
<arg>NEW</arg>
</arguments>
<status status="PASS" starttime="20210122 13:03:07.538" endtime="20210122 13:03:07.580"></status>
</kw>
<kw name="Sleep" library="BuiltIn">
<doc>Pauses the test executed for the given time.</doc>
<arguments>
<arg>2s</arg>
</arguments>
<msg timestamp="20210122 13:03:09.580" level="INFO">Slept 2 seconds</msg>
<status status="PASS" starttime="20210122 13:03:07.580" endtime="20210122 13:03:09.580"></status>
</kw>
<kw name="Verify WebPage title" library="instructions">
<arguments>
<arg>${Expected_product_title}</arg>
</arguments>
<kw name="Wait Until Page Contains" library="SeleniumLibrary">
<doc>Waits until ``text`` appears on the current page.</doc>
<arguments>
<arg>${title_name}</arg>
</arguments>
<status status="PASS" starttime="20210122 13:03:09.580" endtime="20210122 13:03:11.610"></status>
</kw>
<kw name="Log To Console" library="BuiltIn">
<doc>Logs the given message to the console.</doc>
<arguments>
<arg>${title_name}</arg>
</arguments>
<status status="PASS" starttime="20210122 13:03:11.610" endtime="20210122 13:03:11.611"></status>
</kw>
<kw name="Log To Console" library="BuiltIn">
<doc>Logs the given message to the console.</doc>
<arguments>
<arg>Pass!!</arg>
</arguments>
<status status="PASS" starttime="20210122 13:03:11.611" endtime="20210122 13:03:11.613"></status>
</kw>
<status status="PASS" starttime="20210122 13:03:09.580" endtime="20210122 13:03:11.614"></status>
</kw>
<status status="PASS" starttime="20210122 13:03:07.538" endtime="20210122 13:03:11.614"></status>
</kw>
<kw name="Enter pincode to enable add to cart button" library="instructions">
<kw name="Click Element" library="SeleniumLibrary">
<doc>Click the element identified by ``locator``.</doc>
<arguments>
<arg>${pincode}</arg>
</arguments>
<msg timestamp="20210122 13:03:11.619" level="INFO">Clicking element 'xpath=//input[@id='pincodeInputId']'.</msg>
<status status="PASS" starttime="20210122 13:03:11.618" endtime="20210122 13:03:11.705"></status>
</kw>
<kw name="Press Keys" library="SeleniumLibrary">
<doc>Simulates the user pressing key(s) to an element or on the active browser.</doc>
<arguments>
<arg>${pincode}</arg>
<arg>560072</arg>
</arguments>
<msg timestamp="20210122 13:03:11.706" level="INFO">Sending key(s) ('560072',) to xpath=//input[@id='pincodeInputId'] element.</msg>
<msg timestamp="20210122 13:03:11.999" level="INFO">Sending keys 560072</msg>
<status status="PASS" starttime="20210122 13:03:11.706" endtime="20210122 13:03:12.039"></status>
</kw>
<kw name="Click Element" library="SeleniumLibrary">
<doc>Click the element identified by ``locator``.</doc>
<arguments>
<arg>${check_button_pincode}</arg>
</arguments>
<msg timestamp="20210122 13:03:12.039" level="INFO">Clicking element 'xpath=//div/span[contains(@class,'_2P_LDn') and text()='Check']'.</msg>
<status status="PASS" starttime="20210122 13:03:12.039" endtime="20210122 13:03:12.102"></status>
</kw>
<kw name="Sleep" library="BuiltIn">
<doc>Pauses the test executed for the given time.</doc>
<arguments>
<arg>5s</arg>
</arguments>
<msg timestamp="20210122 13:03:17.104" level="INFO">Slept 5 seconds</msg>
<status status="PASS" starttime="20210122 13:03:12.102" endtime="20210122 13:03:17.104"></status>
</kw>
<kw name="Click Element" library="SeleniumLibrary">
<doc>Click the element identified by ``locator``.</doc>
<arguments>
<arg>${add_to_cart}</arg>
</arguments>
<msg timestamp="20210122 13:03:17.105" level="INFO">Clicking element 'xpath=//button[@class='_2KpZ6l _2U9uOA _3v1-ww']'.</msg>
<status status="PASS" starttime="20210122 13:03:17.104" endtime="20210122 13:03:17.185"></status>
</kw>
<status status="PASS" starttime="20210122 13:03:11.617" endtime="20210122 13:03:17.186"></status>
</kw>
<kw name="Close the browser" library="instructions" type="teardown">
<kw name="Sleep" library="BuiltIn">
<doc>Pauses the test executed for the given time.</doc>
<arguments>
<arg>5s</arg>
</arguments>
<msg timestamp="20210122 13:03:22.189" level="INFO">Slept 5 seconds</msg>
<status status="PASS" starttime="20210122 13:03:17.188" endtime="20210122 13:03:22.189"></status>
</kw>
<kw name="Close Browser" library="SeleniumLibrary">
<doc>Closes the current browser.</doc>
<status status="PASS" starttime="20210122 13:03:22.189" endtime="20210122 13:03:24.462"></status>
</kw>
<status status="PASS" starttime="20210122 13:03:17.188" endtime="20210122 13:03:24.462"></status>
</kw>
<status status="PASS" starttime="20210122 13:02:51.293" endtime="20210122 13:03:24.463" critical="yes"></status>
</test>
<test id="s1-t3" name="User should be able to verify the content in the cart">
<kw name="Open Flipkart URL through browser" library="instructions" type="setup">
<kw name="Open Browser" library="SeleniumLibrary">
<doc>Opens a new browser instance to the optional ``url``.</doc>
<arguments>
<arg>${url}</arg>
<arg>${brows}</arg>
</arguments>
<msg timestamp="20210122 13:03:24.467" level="INFO">Opening browser 'chrome' to base url 'https://flipkart.com/'.</msg>
<status status="PASS" starttime="20210122 13:03:24.467" endtime="20210122 13:03:34.171"></status>
</kw>
<kw name="Maximize Browser Window" library="SeleniumLibrary">
<doc>Maximizes current browser window.</doc>
<status status="PASS" starttime="20210122 13:03:34.172" endtime="20210122 13:03:36.330"></status>
</kw>
<kw name="Sleep" library="BuiltIn">
<doc>Pauses the test executed for the given time.</doc>
<arguments>
<arg>2s</arg>
</arguments>
<msg timestamp="20210122 13:03:38.334" level="INFO">Slept 2 seconds</msg>
<status status="PASS" starttime="20210122 13:03:36.331" endtime="20210122 13:03:38.334"></status>
</kw>
<kw name="Verify WebPage title" library="instructions">
<arguments>
<arg>${Expected_homePage}</arg>
</arguments>
<kw name="Wait Until Page Contains" library="SeleniumLibrary">
<doc>Waits until ``text`` appears on the current page.</doc>
<arguments>
<arg>${title_name}</arg>
</arguments>
<status status="PASS" starttime="20210122 13:03:38.335" endtime="20210122 13:03:38.350"></status>
</kw>
<kw name="Log To Console" library="BuiltIn">
<doc>Logs the given message to the console.</doc>
<arguments>
<arg>${title_name}</arg>
</arguments>
<status status="PASS" starttime="20210122 13:03:38.350" endtime="20210122 13:03:38.350"></status>
</kw>
<kw name="Log To Console" library="BuiltIn">
<doc>Logs the given message to the console.</doc>
<arguments>
<arg>Pass!!</arg>
</arguments>
<status status="PASS" starttime="20210122 13:03:38.351" endtime="20210122 13:03:38.352"></status>
</kw>
<status status="PASS" starttime="20210122 13:03:38.334" endtime="20210122 13:03:38.352"></status>
</kw>
<status status="PASS" starttime="20210122 13:03:24.466" endtime="20210122 13:03:38.352"></status>
</kw>
<kw name="Log into flipkart using phone number and password" library="instructions">
<kw name="Input Text" library="SeleniumLibrary">
<doc>Types the given ``text`` into the text field identified by ``locator``.</doc>
<arguments>
<arg>xpath=//input[@type='text' and @class='_2IX_2- VJZDxU']</arg>
<arg>9500158051</arg>
</arguments>
<msg timestamp="20210122 13:03:38.357" level="INFO">Typing text '9500158051' into text field 'xpath=//input[@type='text' and @class='_2IX_2- VJZDxU']'.</msg>
<status status="PASS" starttime="20210122 13:03:38.357" endtime="20210122 13:03:38.480"></status>
</kw>
<kw name="Input Password" library="SeleniumLibrary">
<doc>Types the given password into the text field identified by ``locator``.</doc>
<arguments>
<arg>xpath=//input[@type='password']</arg>
<arg>royalenfield</arg>
</arguments>
<msg timestamp="20210122 13:03:38.480" level="INFO">Typing password into text field 'xpath=//input[@type='password']'.</msg>
<msg timestamp="20210122 13:03:38.533" level="INFO">Temporally setting log level to: NONE</msg>
<msg timestamp="20210122 13:03:38.639" level="INFO">Log level changed from NONE to INFO.</msg>
<status status="PASS" starttime="20210122 13:03:38.480" endtime="20210122 13:03:38.639"></status>
</kw>
<kw name="Click Element" library="SeleniumLibrary">
<doc>Click the element identified by ``locator``.</doc>
<arguments>
<arg>xpath=//button[@type='submit' and @class='_2KpZ6l _2HKlqd _3AWRsL']</arg>
</arguments>
<msg timestamp="20210122 13:03:38.640" level="INFO">Clicking element 'xpath=//button[@type='submit' and @class='_2KpZ6l _2HKlqd _3AWRsL']'.</msg>
<status status="PASS" starttime="20210122 13:03:38.639" endtime="20210122 13:03:38.733"></status>
</kw>
<kw name="Sleep" library="BuiltIn">
<doc>Pauses the test executed for the given time.</doc>
<arguments>
<arg>2s</arg>
</arguments>
<msg timestamp="20210122 13:03:40.735" level="INFO">Slept 2 seconds</msg>
<status status="PASS" starttime="20210122 13:03:38.733" endtime="20210122 13:03:40.735"></status>
</kw>
<kw name="Capture Page Screenshot" library="SeleniumLibrary">
<doc>Takes a screenshot of the current page and embeds it into a log file.</doc>
<msg timestamp="20210122 13:03:41.091" level="INFO" html="yes">&lt;/td&gt;&lt;/tr&gt;&lt;tr&gt;&lt;td colspan="3"&gt;&lt;a href="selenium-screenshot-62.png"&gt;&lt;img src="selenium-screenshot-62.png" width="800px"&gt;&lt;/a&gt;</msg>
<status status="PASS" starttime="20210122 13:03:40.735" endtime="20210122 13:03:41.091"></status>
</kw>
<status status="PASS" starttime="20210122 13:03:38.356" endtime="20210122 13:03:41.091"></status>
</kw>
<kw name="Close the browser" library="instructions" type="teardown">
<kw name="Sleep" library="BuiltIn">
<doc>Pauses the test executed for the given time.</doc>
<arguments>
<arg>5s</arg>
</arguments>
<msg timestamp="20210122 13:03:46.093" level="INFO">Slept 5 seconds</msg>
<status status="PASS" starttime="20210122 13:03:41.092" endtime="20210122 13:03:46.093"></status>
</kw>
<kw name="Close Browser" library="SeleniumLibrary">
<doc>Closes the current browser.</doc>
<status status="PASS" starttime="20210122 13:03:46.093" endtime="20210122 13:03:48.348"></status>
</kw>
<status status="PASS" starttime="20210122 13:03:41.092" endtime="20210122 13:03:48.348"></status>
</kw>
<status status="PASS" starttime="20210122 13:03:24.465" endtime="20210122 13:03:48.349" critical="yes"></status>
</test>
<status status="PASS" starttime="20210122 13:02:24.354" endtime="20210122 13:03:48.352"></status>
</suite>
<statistics>
<total>
<stat pass="3" fail="0">Critical Tests</stat>
<stat pass="3" fail="0">All Tests</stat>
</total>
<tag>
</tag>
<suite>
<stat pass="3" fail="0" id="s1" name="TestCases">TestCases</stat>
</suite>
</statistics>
<errors>
</errors>
</robot>
