<?xml version="1.0" encoding="UTF-8"?>
<robot generator="Robot 3.2.2 (Python 3.9.1 on win32)" generated="20210122 12:03:44.250" rpa="false">
<suite id="s1" name="TestCases" source="C:\Users\user\Desktop\Thiru\Vineeth_Thiru\TestCases\TestCases.robot">
<test id="s1-t1" name="User should be able to log in and clear the contents in the cart">
<kw name="Open Flipkart URL through browser" library="instructions" type="setup">
<kw name="Open Browser" library="SeleniumLibrary">
<doc>Opens a new browser instance to the optional ``url``.</doc>
<arguments>
<arg>${url}</arg>
<arg>${brows}</arg>
</arguments>
<msg timestamp="20210122 12:03:44.615" level="INFO">Opening browser 'chrome' to base url 'https://flipkart.com/'.</msg>
<status status="PASS" starttime="20210122 12:03:44.615" endtime="20210122 12:03:50.330"></status>
</kw>
<kw name="Maximize Browser Window" library="SeleniumLibrary">
<doc>Maximizes current browser window.</doc>
<status status="PASS" starttime="20210122 12:03:50.330" endtime="20210122 12:03:52.483"></status>
</kw>
<kw name="Sleep" library="BuiltIn">
<doc>Pauses the test executed for the given time.</doc>
<arguments>
<arg>2s</arg>
</arguments>
<msg timestamp="20210122 12:03:54.489" level="INFO">Slept 2 seconds</msg>
<status status="PASS" starttime="20210122 12:03:52.484" endtime="20210122 12:03:54.489"></status>
</kw>
<kw name="Verify WebPage title" library="instructions">
<arguments>
<arg>${Expected_homePage}</arg>
</arguments>
<kw name="Wait Until Page Contains" library="SeleniumLibrary">
<doc>Waits until ``text`` appears on the current page.</doc>
<arguments>
<arg>${title_name}</arg>
</arguments>
<status status="PASS" starttime="20210122 12:03:54.490" endtime="20210122 12:03:54.507"></status>
</kw>
<kw name="Log To Console" library="BuiltIn">
<doc>Logs the given message to the console.</doc>
<arguments>
<arg>${title_name}</arg>
</arguments>
<status status="PASS" starttime="20210122 12:03:54.507" endtime="20210122 12:03:54.508"></status>
</kw>
<kw name="Log To Console" library="BuiltIn">
<doc>Logs the given message to the console.</doc>
<arguments>
<arg>Pass!!</arg>
</arguments>
<status status="PASS" starttime="20210122 12:03:54.509" endtime="20210122 12:03:54.509"></status>
</kw>
<status status="PASS" starttime="20210122 12:03:54.489" endtime="20210122 12:03:54.509"></status>
</kw>
<status status="PASS" starttime="20210122 12:03:44.615" endtime="20210122 12:03:54.509"></status>
</kw>
<kw name="Log into flipkart using phone number and password" library="instructions">
<kw name="Input Text" library="SeleniumLibrary">
<doc>Types the given ``text`` into the text field identified by ``locator``.</doc>
<arguments>
<arg>xpath=//input[@type='text' and @class='_2IX_2- VJZDxU']</arg>
<arg>9500158051</arg>
</arguments>
<msg timestamp="20210122 12:03:54.510" level="INFO">Typing text '9500158051' into text field 'xpath=//input[@type='text' and @class='_2IX_2- VJZDxU']'.</msg>
<status status="PASS" starttime="20210122 12:03:54.510" endtime="20210122 12:03:54.616"></status>
</kw>
<kw name="Input Password" library="SeleniumLibrary">
<doc>Types the given password into the text field identified by ``locator``.</doc>
<arguments>
<arg>xpath=//input[@type='password']</arg>
<arg>royalenfield</arg>
</arguments>
<msg timestamp="20210122 12:03:54.617" level="INFO">Typing password into text field 'xpath=//input[@type='password']'.</msg>
<msg timestamp="20210122 12:03:54.658" level="INFO">Temporally setting log level to: NONE</msg>
<msg timestamp="20210122 12:03:54.750" level="INFO">Log level changed from NONE to INFO.</msg>
<status status="PASS" starttime="20210122 12:03:54.617" endtime="20210122 12:03:54.750"></status>
</kw>
<kw name="Click Element" library="SeleniumLibrary">
<doc>Click the element identified by ``locator``.</doc>
<arguments>
<arg>xpath=//button[@type='submit' and @class='_2KpZ6l _2HKlqd _3AWRsL']</arg>
</arguments>
<msg timestamp="20210122 12:03:54.750" level="INFO">Clicking element 'xpath=//button[@type='submit' and @class='_2KpZ6l _2HKlqd _3AWRsL']'.</msg>
<status status="PASS" starttime="20210122 12:03:54.750" endtime="20210122 12:03:54.834"></status>
</kw>
<kw name="Sleep" library="BuiltIn">
<doc>Pauses the test executed for the given time.</doc>
<arguments>
<arg>2s</arg>
</arguments>
<msg timestamp="20210122 12:03:56.839" level="INFO">Slept 2 seconds</msg>
<status status="PASS" starttime="20210122 12:03:54.834" endtime="20210122 12:03:56.839"></status>
</kw>
<kw name="Capture Page Screenshot" library="SeleniumLibrary">
<doc>Takes a screenshot of the current page and embeds it into a log file.</doc>
<msg timestamp="20210122 12:03:57.224" level="INFO" html="yes">&lt;/td&gt;&lt;/tr&gt;&lt;tr&gt;&lt;td colspan="3"&gt;&lt;a href="selenium-screenshot-1.png"&gt;&lt;img src="selenium-screenshot-1.png" width="800px"&gt;&lt;/a&gt;</msg>
<status status="PASS" starttime="20210122 12:03:56.839" endtime="20210122 12:03:57.224"></status>
</kw>
<status status="PASS" starttime="20210122 12:03:54.509" endtime="20210122 12:03:57.224"></status>
</kw>
<kw name="Clear the contents in the cart" library="instructions">
<kw name="Click Element" library="SeleniumLibrary">
<doc>Click the element identified by ``locator``.</doc>
<arguments>
<arg>${home_screen_cart}</arg>
</arguments>
<msg timestamp="20210122 12:03:57.225" level="INFO">Clicking element 'xpath=//span[contains(text(),'Cart')]'.</msg>
<status status="PASS" starttime="20210122 12:03:57.225" endtime="20210122 12:03:57.287"></status>
</kw>
<kw name="Sleep" library="BuiltIn">
<doc>Pauses the test executed for the given time.</doc>
<arguments>
<arg>2s</arg>
</arguments>
<msg timestamp="20210122 12:03:59.289" level="INFO">Slept 2 seconds</msg>
<status status="PASS" starttime="20210122 12:03:57.287" endtime="20210122 12:03:59.289"></status>
</kw>
<kw name="Run Keyword And Return Status" library="BuiltIn">
<doc>Runs the given keyword with given arguments and returns the status as a Boolean value.</doc>
<arguments>
<arg>Element Should Be Visible</arg>
<arg>${cart_empty}</arg>
</arguments>
<assign>
<var>${present}</var>
</assign>
<kw name="Element Should Be Visible" library="SeleniumLibrary">
<doc>Verifies that the element identified by ``locator`` is visible.</doc>
<arguments>
<arg>${cart_empty}</arg>
</arguments>
<kw name="Capture Page Screenshot" library="SeleniumLibrary">
<doc>Takes a screenshot of the current page and embeds it into a log file.</doc>
<msg timestamp="20210122 12:03:59.593" level="INFO" html="yes">&lt;/td&gt;&lt;/tr&gt;&lt;tr&gt;&lt;td colspan="3"&gt;&lt;a href="selenium-screenshot-2.png"&gt;&lt;img src="selenium-screenshot-2.png" width="800px"&gt;&lt;/a&gt;</msg>
<status status="PASS" starttime="20210122 12:03:59.305" endtime="20210122 12:03:59.593"></status>
</kw>
<msg timestamp="20210122 12:03:59.594" level="FAIL">Element with locator 'xpath=//div[contains(text(),'Your cart is empty!')]' not found.</msg>
<status status="FAIL" starttime="20210122 12:03:59.290" endtime="20210122 12:03:59.594"></status>
</kw>
<msg timestamp="20210122 12:03:59.594" level="INFO">${present} = False</msg>
<status status="PASS" starttime="20210122 12:03:59.289" endtime="20210122 12:03:59.594"></status>
</kw>
<kw name="Run Keyword If" library="BuiltIn">
<doc>Runs the given keyword with the given arguments, if ``condition`` is true.</doc>
<arguments>
<arg>'${present}'=='False'</arg>
<arg>Remove from Cart</arg>
</arguments>
<kw name="Remove from Cart" library="instructions">
<kw name="Wait Until Element Is Visible" library="SeleniumLibrary">
<doc>Waits until the element ``locator`` is visible.</doc>
<arguments>
<arg>${expeted_product}</arg>
</arguments>
<status status="PASS" starttime="20210122 12:03:59.599" endtime="20210122 12:03:59.627"></status>
</kw>
<kw name="Click Element" library="SeleniumLibrary">
<doc>Click the element identified by ``locator``.</doc>
<arguments>
<arg>${remove_button}</arg>
</arguments>
<msg timestamp="20210122 12:03:59.628" level="INFO">Clicking element 'xpath=//div[contains(@class,'_3dsJAO') and text()='Remove']'.</msg>
<status status="PASS" starttime="20210122 12:03:59.628" endtime="20210122 12:03:59.699"></status>
</kw>
<kw name="Sleep" library="BuiltIn">
<doc>Pauses the test executed for the given time.</doc>
<arguments>
<arg>2s</arg>
</arguments>
<msg timestamp="20210122 12:04:01.710" level="INFO">Slept 2 seconds</msg>
<status status="PASS" starttime="20210122 12:03:59.699" endtime="20210122 12:04:01.710"></status>
</kw>
<kw name="Click Element" library="SeleniumLibrary">
<doc>Click the element identified by ``locator``.</doc>
<arguments>
<arg>${confirm_remove}</arg>
</arguments>
<msg timestamp="20210122 12:04:01.712" level="INFO">Clicking element 'xpath=//div[contains(@class,'_3dsJAO _24d-qY FhkMJZ') and text()='Remove']'.</msg>
<status status="PASS" starttime="20210122 12:04:01.711" endtime="20210122 12:04:01.773"></status>
</kw>
<status status="PASS" starttime="20210122 12:03:59.594" endtime="20210122 12:04:01.773"></status>
</kw>
<status status="PASS" starttime="20210122 12:03:59.594" endtime="20210122 12:04:01.774"></status>
</kw>
<status status="PASS" starttime="20210122 12:03:57.225" endtime="20210122 12:04:01.774"></status>
</kw>
<kw name="Move to Home Page" library="instructions">
<kw name="Wait Until Element Is Visible" library="SeleniumLibrary">
<doc>Waits until the element ``locator`` is visible.</doc>
<arguments>
<arg>${home_button}</arg>
</arguments>
<status status="PASS" starttime="20210122 12:04:01.777" endtime="20210122 12:04:01.818"></status>
</kw>
<kw name="Click Element" library="SeleniumLibrary">
<doc>Click the element identified by ``locator``.</doc>
<arguments>
<arg>${home_button}</arg>
</arguments>
<msg timestamp="20210122 12:04:01.818" level="INFO">Clicking element 'xpath=//div/a/img[@class='_2xm1JU']'.</msg>
<status status="PASS" starttime="20210122 12:04:01.818" endtime="20210122 12:04:01.935"></status>
</kw>
<status status="PASS" starttime="20210122 12:04:01.775" endtime="20210122 12:04:01.936"></status>
</kw>
<kw name="Close the browser" library="instructions" type="teardown">
<kw name="Sleep" library="BuiltIn">
<doc>Pauses the test executed for the given time.</doc>
<arguments>
<arg>5s</arg>
</arguments>
<msg timestamp="20210122 12:04:06.939" level="INFO">Slept 5 seconds</msg>
<status status="PASS" starttime="20210122 12:04:01.937" endtime="20210122 12:04:06.939"></status>
</kw>
<kw name="Close Browser" library="SeleniumLibrary">
<doc>Closes the current browser.</doc>
<status status="PASS" starttime="20210122 12:04:06.939" endtime="20210122 12:04:09.227"></status>
</kw>
<status status="PASS" starttime="20210122 12:04:01.936" endtime="20210122 12:04:09.227"></status>
</kw>
<status status="PASS" starttime="20210122 12:03:44.614" endtime="20210122 12:04:09.229" critical="yes"></status>
</test>
<test id="s1-t2" name="User should be able to add the product to the cart">
<kw name="Open Flipkart URL through browser" library="instructions" type="setup">
<kw name="Open Browser" library="SeleniumLibrary">
<doc>Opens a new browser instance to the optional ``url``.</doc>
<arguments>
<arg>${url}</arg>
<arg>${brows}</arg>
</arguments>
<msg timestamp="20210122 12:04:09.234" level="INFO">Opening browser 'chrome' to base url 'https://flipkart.com/'.</msg>
<status status="PASS" starttime="20210122 12:04:09.234" endtime="20210122 12:04:15.662"></status>
</kw>
<kw name="Maximize Browser Window" library="SeleniumLibrary">
<doc>Maximizes current browser window.</doc>
<status status="PASS" starttime="20210122 12:04:15.662" endtime="20210122 12:04:17.835"></status>
</kw>
<kw name="Sleep" library="BuiltIn">
<doc>Pauses the test executed for the given time.</doc>
<arguments>
<arg>2s</arg>
</arguments>
<msg timestamp="20210122 12:04:19.844" level="INFO">Slept 2 seconds</msg>
<status status="PASS" starttime="20210122 12:04:17.836" endtime="20210122 12:04:19.844"></status>
</kw>
<kw name="Verify WebPage title" library="instructions">
<arguments>
<arg>${Expected_homePage}</arg>
</arguments>
<kw name="Wait Until Page Contains" library="SeleniumLibrary">
<doc>Waits until ``text`` appears on the current page.</doc>
<arguments>
<arg>${title_name}</arg>
</arguments>
<status status="PASS" starttime="20210122 12:04:19.844" endtime="20210122 12:04:19.861"></status>
</kw>
<kw name="Log To Console" library="BuiltIn">
<doc>Logs the given message to the console.</doc>
<arguments>
<arg>${title_name}</arg>
</arguments>
<status status="PASS" starttime="20210122 12:04:19.861" endtime="20210122 12:04:19.863"></status>
</kw>
<kw name="Log To Console" library="BuiltIn">
<doc>Logs the given message to the console.</doc>
<arguments>
<arg>Pass!!</arg>
</arguments>
<status status="PASS" starttime="20210122 12:04:19.863" endtime="20210122 12:04:19.863"></status>
</kw>
<status status="PASS" starttime="20210122 12:04:19.844" endtime="20210122 12:04:19.864"></status>
</kw>
<status status="PASS" starttime="20210122 12:04:09.234" endtime="20210122 12:04:19.864"></status>
</kw>
<kw name="Log into flipkart using phone number and password" library="instructions">
<kw name="Input Text" library="SeleniumLibrary">
<doc>Types the given ``text`` into the text field identified by ``locator``.</doc>
<arguments>
<arg>xpath=//input[@type='text' and @class='_2IX_2- VJZDxU']</arg>
<arg>9500158051</arg>
</arguments>
<msg timestamp="20210122 12:04:19.866" level="INFO">Typing text '9500158051' into text field 'xpath=//input[@type='text' and @class='_2IX_2- VJZDxU']'.</msg>
<status status="PASS" starttime="20210122 12:04:19.866" endtime="20210122 12:04:20.002"></status>
</kw>
<kw name="Input Password" library="SeleniumLibrary">
<doc>Types the given password into the text field identified by ``locator``.</doc>
<arguments>
<arg>xpath=//input[@type='password']</arg>
<arg>royalenfield</arg>
</arguments>
<msg timestamp="20210122 12:04:20.003" level="INFO">Typing password into text field 'xpath=//input[@type='password']'.</msg>
<msg timestamp="20210122 12:04:20.048" level="INFO">Temporally setting log level to: NONE</msg>
<msg timestamp="20210122 12:04:20.142" level="INFO">Log level changed from NONE to INFO.</msg>
<status status="PASS" starttime="20210122 12:04:20.002" endtime="20210122 12:04:20.142"></status>
</kw>
<kw name="Click Element" library="SeleniumLibrary">
<doc>Click the element identified by ``locator``.</doc>
<arguments>
<arg>xpath=//button[@type='submit' and @class='_2KpZ6l _2HKlqd _3AWRsL']</arg>
</arguments>
<msg timestamp="20210122 12:04:20.142" level="INFO">Clicking element 'xpath=//button[@type='submit' and @class='_2KpZ6l _2HKlqd _3AWRsL']'.</msg>
<status status="PASS" starttime="20210122 12:04:20.142" endtime="20210122 12:04:20.236"></status>
</kw>
<kw name="Sleep" library="BuiltIn">
<doc>Pauses the test executed for the given time.</doc>
<arguments>
<arg>2s</arg>
</arguments>
<msg timestamp="20210122 12:04:22.239" level="INFO">Slept 2 seconds</msg>
<status status="PASS" starttime="20210122 12:04:20.236" endtime="20210122 12:04:22.239"></status>
</kw>
<kw name="Capture Page Screenshot" library="SeleniumLibrary">
<doc>Takes a screenshot of the current page and embeds it into a log file.</doc>
<msg timestamp="20210122 12:04:22.625" level="INFO" html="yes">&lt;/td&gt;&lt;/tr&gt;&lt;tr&gt;&lt;td colspan="3"&gt;&lt;a href="selenium-screenshot-3.png"&gt;&lt;img src="selenium-screenshot-3.png" width="800px"&gt;&lt;/a&gt;</msg>
<status status="PASS" starttime="20210122 12:04:22.239" endtime="20210122 12:04:22.625"></status>
</kw>
<status status="PASS" starttime="20210122 12:04:19.866" endtime="20210122 12:04:22.625"></status>
</kw>
<kw name="Search for specific product" library="instructions">
<kw name="Input Text" library="SeleniumLibrary">
<doc>Types the given ``text`` into the text field identified by ``locator``.</doc>
<arguments>
<arg>${search}</arg>
<arg>DSLR</arg>
</arguments>
<msg timestamp="20210122 12:04:22.628" level="INFO">Typing text 'DSLR' into text field 'xpath=//div/input[@title='Search for products, brands and more']'.</msg>
<status status="PASS" starttime="20210122 12:04:22.628" endtime="20210122 12:04:22.774"></status>
</kw>
<kw name="Click Element" library="SeleniumLibrary">
<doc>Click the element identified by ``locator``.</doc>
<arguments>
<arg>${search_button}</arg>
</arguments>
<msg timestamp="20210122 12:04:22.775" level="INFO">Clicking element 'xpath=//button[contains(@class,'L0Z3Pu')]'.</msg>
<status status="PASS" starttime="20210122 12:04:22.775" endtime="20210122 12:04:22.879"></status>
</kw>
<status status="PASS" starttime="20210122 12:04:22.627" endtime="20210122 12:04:22.880"></status>
</kw>
<kw name="Filter with reviews for 4 star and above" library="instructions">
<kw name="Wait Until Element Is Visible" library="SeleniumLibrary">
<doc>Waits until the element ``locator`` is visible.</doc>
<arguments>
<arg>${review}</arg>
</arguments>
<status status="PASS" starttime="20210122 12:04:22.884" endtime="20210122 12:04:24.105"></status>
</kw>
<kw name="Click Element" library="SeleniumLibrary">
<doc>Click the element identified by ``locator``.</doc>
<arguments>
<arg>${review}</arg>
</arguments>
<msg timestamp="20210122 12:04:24.106" level="INFO">Clicking element 'xpath=//div[contains(@class,'_3879cV') and text()='4★ &amp; above']'.</msg>
<status status="PASS" starttime="20210122 12:04:24.106" endtime="20210122 12:04:24.311"></status>
</kw>
<status status="PASS" starttime="20210122 12:04:22.884" endtime="20210122 12:04:24.311"></status>
</kw>
<kw name="Click on the desired product" library="instructions">
<kw name="Scroll Element Into View" library="SeleniumLibrary">
<doc>Scrolls the element identified by ``locator`` into view.</doc>
<arguments>
<arg>${product}</arg>
</arguments>
<status status="PASS" starttime="20210122 12:04:24.313" endtime="20210122 12:04:24.649"></status>
</kw>
<kw name="Wait Until Element Is Visible" library="SeleniumLibrary">
<doc>Waits until the element ``locator`` is visible.</doc>
<arguments>
<arg>${product}</arg>
</arguments>
<status status="PASS" starttime="20210122 12:04:24.649" endtime="20210122 12:04:24.676"></status>
</kw>
<kw name="Click Element" library="SeleniumLibrary">
<doc>Click the element identified by ``locator``.</doc>
<arguments>
<arg>${product}</arg>
</arguments>
<msg timestamp="20210122 12:04:24.676" level="INFO">Clicking element 'xpath=//div[contains(@class,'_4rR01T') and text()='Sony Alpha ILCE-6400M Mirrorless Camera with 18-135mm Zoom Lens']'.</msg>
<status status="PASS" starttime="20210122 12:04:24.676" endtime="20210122 12:04:24.809"></status>
</kw>
<status status="PASS" starttime="20210122 12:04:24.312" endtime="20210122 12:04:24.809"></status>
</kw>
<kw name="Verify Product page Title" library="instructions">
<kw name="Select Window" library="SeleniumLibrary">
<doc>DEPRECATED in SeleniumLibrary 4.0. , use `Switch Window` instead.</doc>
<arguments>
<arg>${Expected_product_title}</arg>
</arguments>
<status status="PASS" starttime="20210122 12:04:24.817" endtime="20210122 12:04:27.003"></status>
</kw>
<kw name="Sleep" library="BuiltIn">
<doc>Pauses the test executed for the given time.</doc>
<arguments>
<arg>2s</arg>
</arguments>
<msg timestamp="20210122 12:04:29.007" level="INFO">Slept 2 seconds</msg>
<status status="PASS" starttime="20210122 12:04:27.003" endtime="20210122 12:04:29.007"></status>
</kw>
<kw name="Verify WebPage title" library="instructions">
<arguments>
<arg>${Expected_product_title}</arg>
</arguments>
<kw name="Wait Until Page Contains" library="SeleniumLibrary">
<doc>Waits until ``text`` appears on the current page.</doc>
<arguments>
<arg>${title_name}</arg>
</arguments>
<status status="PASS" starttime="20210122 12:04:29.008" endtime="20210122 12:04:29.027"></status>
</kw>
<kw name="Log To Console" library="BuiltIn">
<doc>Logs the given message to the console.</doc>
<arguments>
<arg>${title_name}</arg>
</arguments>
<status status="PASS" starttime="20210122 12:04:29.027" endtime="20210122 12:04:29.027"></status>
</kw>
<kw name="Log To Console" library="BuiltIn">
<doc>Logs the given message to the console.</doc>
<arguments>
<arg>Pass!!</arg>
</arguments>
<status status="PASS" starttime="20210122 12:04:29.028" endtime="20210122 12:04:29.029"></status>
</kw>
<status status="PASS" starttime="20210122 12:04:29.008" endtime="20210122 12:04:29.029"></status>
</kw>
<status status="PASS" starttime="20210122 12:04:24.816" endtime="20210122 12:04:29.029"></status>
</kw>
<kw name="Enter pincode to enable add to cart button" library="instructions">
<kw name="Press Keys" library="SeleniumLibrary">
<doc>Simulates the user pressing key(s) to an element or on the active browser.</doc>
<arguments>
<arg>${pincode}</arg>
<arg>560072</arg>
</arguments>
<msg timestamp="20210122 12:04:29.030" level="INFO">Sending key(s) ('560072',) to xpath=//input[@id='pincodeInputId'] element.</msg>
<msg timestamp="20210122 12:04:29.368" level="INFO">Sending keys 560072</msg>
<status status="PASS" starttime="20210122 12:04:29.030" endtime="20210122 12:04:29.415"></status>
</kw>
<kw name="Click Element" library="SeleniumLibrary">
<doc>Click the element identified by ``locator``.</doc>
<arguments>
<arg>${check_button_pincode}</arg>
</arguments>
<msg timestamp="20210122 12:04:29.415" level="INFO">Clicking element 'xpath=//div/span[contains(@class,'_2P_LDn') and text()='Check']'.</msg>
<status status="PASS" starttime="20210122 12:04:29.415" endtime="20210122 12:04:29.487"></status>
</kw>
<kw name="Sleep" library="BuiltIn">
<doc>Pauses the test executed for the given time.</doc>
<arguments>
<arg>5s</arg>
</arguments>
<msg timestamp="20210122 12:04:34.489" level="INFO">Slept 5 seconds</msg>
<status status="PASS" starttime="20210122 12:04:29.487" endtime="20210122 12:04:34.490"></status>
</kw>
<kw name="Click Element" library="SeleniumLibrary">
<doc>Click the element identified by ``locator``.</doc>
<arguments>
<arg>${add_to_cart}</arg>
</arguments>
<msg timestamp="20210122 12:04:34.491" level="INFO">Clicking element 'xpath=//button[@class='_2KpZ6l _2U9uOA _3v1-ww']'.</msg>
<status status="PASS" starttime="20210122 12:04:34.490" endtime="20210122 12:04:34.582"></status>
</kw>
<status status="PASS" starttime="20210122 12:04:29.029" endtime="20210122 12:04:34.583"></status>
</kw>
<kw name="Close the browser" library="instructions" type="teardown">
<kw name="Sleep" library="BuiltIn">
<doc>Pauses the test executed for the given time.</doc>
<arguments>
<arg>5s</arg>
</arguments>
<msg timestamp="20210122 12:04:39.589" level="INFO">Slept 5 seconds</msg>
<status status="PASS" starttime="20210122 12:04:34.585" endtime="20210122 12:04:39.589"></status>
</kw>
<kw name="Close Browser" library="SeleniumLibrary">
<doc>Closes the current browser.</doc>
<status status="PASS" starttime="20210122 12:04:39.589" endtime="20210122 12:04:42.019"></status>
</kw>
<status status="PASS" starttime="20210122 12:04:34.584" endtime="20210122 12:04:42.020"></status>
</kw>
<status status="PASS" starttime="20210122 12:04:09.232" endtime="20210122 12:04:42.021" critical="yes"></status>
</test>
<status status="PASS" starttime="20210122 12:03:44.253" endtime="20210122 12:04:42.026"></status>
</suite>
<statistics>
<total>
<stat pass="2" fail="0">Critical Tests</stat>
<stat pass="2" fail="0">All Tests</stat>
</total>
<tag>
</tag>
<suite>
<stat pass="2" fail="0" id="s1" name="TestCases">TestCases</stat>
</suite>
</statistics>
<errors>
</errors>
</robot>
